<?xml version="1.0" encoding="UTF-8"?>
<!DOCTYPE hibernate-configuration PUBLIC
		"-//Hibernate/Hibernate Configuration DTD 3.0//EN"
		"http://hibernate.sourceforge.net/hibernate-configuration-3.0.dtd">
<hibernate-configuration>
	<session-factory>

        <!-- Database connection settings -->
<!--         <property name="connection.driver_class">org.h2.Driver</property> -->
<!--         <property name="connection.url"> -->
<!--         	jdbc:h2:database/test; -->
<!--         	MODE=MYSQL;INIT=runscript from 'classpath:META-INF/test/sql/schema.sql' -->
<!--         </property> -->
<!--         <property name="connection.username">sa</property> -->
<!--         <property name="connection.password"/> -->
        
        <property name="hibernate.default_schema">PUBLIC</property>

        <!-- JDBC connection pool (use the built-in) -->
        <property name="connection.pool_size">1</property>

        <!-- SQL dialect -->
        <property name="dialect">org.hibernate.dialect.H2Dialect</property>

        <!-- Disable the second-level cache  -->
        <property name="cache.provider_class">org.hibernate.cache.internal.NoCacheProvider</property>

        <!-- Echo all executed SQL to stdout -->
        <property name="show_sql">true</property>
        <property name="format_sql">true</property>

        <!-- Drop and re-create the database schema on startup -->
<!--         <property name="hbm2ddl.auto">create</property> -->
        
        <property name="hibernate.c3p0.min_size">0</property>
		<property name="hibernate.c3p0.max_size">10</property>
		<property name="hibernate.c3p0.timeout">100</property>
		<property name="hibernate.c3p0.max_statements">100</property>
		<property name="hibernate.c3p0.idle_test_period">3000</property>
        <property name="hibernate.connection.characterEncoding">UTF-8</property>

    </session-factory>
</hibernate-configuration>
