<?xml version="1.0" encoding="UTF-8"?>
<beans xmlns="http://www.springframework.org/schema/beans"
	xmlns:xsi="http://www.w3.org/2001/XMLSchema-instance"
	xmlns:context="http://www.springframework.org/schema/context"
	xmlns:tx="http://www.springframework.org/schema/tx"
	xmlns:jdbc="http://www.springframework.org/schema/jdbc"
	xsi:schemaLocation="http://www.springframework.org/schema/beans http://www.springframework.org/schema/beans/spring-beans.xsd
	http://www.springframework.org/schema/context http://www.springframework.org/schema/context/spring-context-4.1.xsd
	 http://www.springframework.org/schema/tx http://www.springframework.org/schema/tx/spring-tx-4.1.xsd
	 http://www.springframework.org/schema/jdbc
     http://www.springframework.org/schema/jdbc/spring-jdbc-3.0.xsd">


	<bean id="dataSource"
         class="org.springframework.jdbc.datasource.DriverManagerDataSource">
		<property name="driverClassName" value="org.h2.Driver" />
		<property name="url" value="jdbc:h2:database/test;MODE=MYSQL" />
		<property name="username" value="sa" />
		<property name="password" value="" />
	</bean>

	<jdbc:initialize-database data-source="dataSource" ignore-failures="DROPS">
	    <jdbc:script location="META-INF/test/sql/schema.sql" />
	    <jdbc:script location="META-INF/test/sql/init.sql" />
	</jdbc:initialize-database>

	<bean id="sessionFactory"
		class="org.springframework.orm.hibernate4.LocalSessionFactoryBean">
		<property name="configLocation" value="META-INF/test/test-hibernate.cfg.xml" />
		<property name="dataSource">
	      <ref bean="dataSource"/>
	    </property>
		<property name="packagesToScan">
			<list>
				<value>com/**/entities</value>
			</list>
		</property>
	</bean>

	<bean id="transactionManager" class="org.springframework.orm.hibernate4.HibernateTransactionManager">
		<property name="sessionFactory" ref="sessionFactory" />
	</bean>

	<context:component-scan base-package="com"/>
	<tx:annotation-driven transaction-manager="transactionManager"/>

</beans>
